2022-06-23 10:26:53,652 - instabot version: 0.117.0 (bot) - INFO - Instabot version: 0.117.0 Started
2022-06-23 10:26:53,694 - instabot version: 0.117.0 (bot) - DEBUG - Bot imported from /home/awstclair/.local/lib/python3.9/site-packages/instabot/bot/bot.py
2022-06-23 10:26:53,717 - instabot version: 0.117.0 (api_login) - INFO - Not yet logged in starting: PRE-LOGIN FLOW!
2022-06-23 10:26:54,011 - instabot version: 0.117.0 (api) - DEBUG - POST to endpoint: accounts/get_prefill_candidates/ returned response: <Response [429]>
2022-06-23 10:26:54,013 - instabot version: 0.117.0 (api) - DEBUG - Responsecode indicates error; response content: b'{"message":"Please wait a few minutes before you try again.","status":"fail"}'
2022-06-23 10:26:54,014 - instabot version: 0.117.0 (api) - ERROR - Request returns 429 error!
2022-06-23 10:26:54,025 - instabot version: 0.117.0 (api) - WARNING - That means 'too many requests'. I'll go to sleep for 5 minutes.
2022-06-23 10:33:30,986 - instabot version: 0.117.0 (bot) - INFO - Instabot version: 0.117.0 Started
2022-06-23 10:33:31,016 - instabot version: 0.117.0 (bot) - DEBUG - Bot imported from /home/awstclair/.local/lib/python3.9/site-packages/instabot/bot/bot.py
2022-06-23 10:33:31,018 - instabot version: 0.117.0 (api_login) - INFO - Not yet logged in starting: PRE-LOGIN FLOW!
2022-06-23 10:33:31,291 - instabot version: 0.117.0 (api) - DEBUG - POST to endpoint: accounts/get_prefill_candidates/ returned response: <Response [429]>
2022-06-23 10:33:31,292 - instabot version: 0.117.0 (api) - DEBUG - Responsecode indicates error; response content: b'{"message":"Please wait a few minutes before you try again.","status":"fail"}'
2022-06-23 10:33:31,292 - instabot version: 0.117.0 (api) - ERROR - Request returns 429 error!
2022-06-23 10:33:31,298 - instabot version: 0.117.0 (api) - WARNING - That means 'too many requests'. I'll go to sleep for 5 minutes.
2022-06-23 10:48:30,749 - instabot version: 0.117.0 (bot) - INFO - Instabot version: 0.117.0 Started
2022-06-23 10:48:30,767 - instabot version: 0.117.0 (bot) - DEBUG - Bot imported from /home/awstclair/.local/lib/python3.9/site-packages/instabot/bot/bot.py
2022-06-23 10:48:30,772 - instabot version: 0.117.0 (api_login) - INFO - Not yet logged in starting: PRE-LOGIN FLOW!
2022-06-23 10:48:31,105 - instabot version: 0.117.0 (api) - DEBUG - POST to endpoint: accounts/get_prefill_candidates/ returned response: <Response [429]>
2022-06-23 10:48:31,112 - instabot version: 0.117.0 (api) - DEBUG - Responsecode indicates error; response content: b'{"message":"Please wait a few minutes before you try again.","status":"fail"}'
2022-06-23 10:48:31,113 - instabot version: 0.117.0 (api) - ERROR - Request returns 429 error!
2022-06-23 10:48:31,137 - instabot version: 0.117.0 (api) - WARNING - That means 'too many requests'. I'll go to sleep for 5 minutes.
